<?xml version="1.0" encoding="UTF-8"?>
<!-- Generated by org.testng.reporters.JUnitXMLReporter -->
<testsuite ignored="0" hostname="DESKTOP-88U9UVN" failures="0" tests="3" name="Test" time="3.886" errors="0" timestamp="2022-05-07T12:04:12 IST">
  <testcase classname="AmazonTest.amazonSearchtest" name="@BeforeMethod opentitle" time="3.742">
    <failure type="org.openqa.selenium.WebDriverException" message="unknown error: failed to write prefs file
Build info: version: &amp;apos;3.141.59&amp;apos;, revision: &amp;apos;e82be7d358&amp;apos;, time: &amp;apos;2018-11-14T08:17:03&amp;apos;
System info: host: &amp;apos;DESKTOP-88U9UVN&amp;apos;, ip: &amp;apos;192.168.1.2&amp;apos;, os.name: &amp;apos;Windows 10&amp;apos;, os.arch: &amp;apos;amd64&amp;apos;, os.version: &amp;apos;10.0&amp;apos;, java.version: &amp;apos;17.0.1&amp;apos;
Driver info: driver.version: ChromeDriver
remote stacktrace: Backtrace:
	Ordinal0 [0x010CB8F3+2406643]
	Ordinal0 [0x0105AF31+1945393]
	Ordinal0 [0x00F4C748+837448]
	Ordinal0 [0x00F6B68D+964237]
	Ordinal0 [0x00F6B7C5+964549]
	Ordinal0 [0x00F692B6+955062]
	Ordinal0 [0x00F65D71+941425]
	Ordinal0 [0x00F98EE0+1150688]
	Ordinal0 [0x00F98B3A+1149754]
	Ordinal0 [0x00F94096+1130646]
	Ordinal0 [0x00F6E636+976438]
	Ordinal0 [0x00F6F546+980294]
	GetHandleVerifier [0x01339612+2498066]
	GetHandleVerifier [0x0132C920+2445600]
	GetHandleVerifier [0x01164F2A+579370]
	GetHandleVerifier [0x01163D36+574774]
	Ordinal0 [0x01061C0B+1973259]
	Ordinal0 [0x01066688+1992328]
	Ordinal0 [0x01066775+1992565]
	Ordinal0 [0x0106F8D1+2029777]
	BaseThreadInitThunk [0x772EFA29+25]
	RtlGetAppContainerNamedObjectPath [0x774B7A7E+286]
	RtlGetAppContainerNamedObjectPath [0x774B7A4E+238]
">
      <![CDATA[org.openqa.selenium.WebDriverException: unknown error: failed to write prefs file
Build info: version: '3.141.59', revision: 'e82be7d358', time: '2018-11-14T08:17:03'
System info: host: 'DESKTOP-88U9UVN', ip: '192.168.1.2', os.name: 'Windows 10', os.arch: 'amd64', os.version: '10.0', java.version: '17.0.1'
Driver info: driver.version: ChromeDriver
remote stacktrace: Backtrace:
Ordinal0 [0x010CB8F3+2406643]
Ordinal0 [0x0105AF31+1945393]
Ordinal0 [0x00F4C748+837448]
Ordinal0 [0x00F6B68D+964237]
Ordinal0 [0x00F6B7C5+964549]
Ordinal0 [0x00F692B6+955062]
Ordinal0 [0x00F65D71+941425]
Ordinal0 [0x00F98EE0+1150688]
Ordinal0 [0x00F98B3A+1149754]
Ordinal0 [0x00F94096+1130646]
Ordinal0 [0x00F6E636+976438]
Ordinal0 [0x00F6F546+980294]
GetHandleVerifier [0x01339612+2498066]
GetHandleVerifier [0x0132C920+2445600]
GetHandleVerifier [0x01164F2A+579370]
GetHandleVerifier [0x01163D36+574774]
Ordinal0 [0x01061C0B+1973259]
Ordinal0 [0x01066688+1992328]
Ordinal0 [0x01066775+1992565]
Ordinal0 [0x0106F8D1+2029777]
BaseThreadInitThunk [0x772EFA29+25]
RtlGetAppContainerNamedObjectPath [0x774B7A7E+286]
RtlGetAppContainerNamedObjectPath [0x774B7A4E+238]

at org.openqa.selenium.remote.W3CHandshakeResponse.lambda$errorHandler$0(W3CHandshakeResponse.java:62)
at org.openqa.selenium.remote.HandshakeResponse.lambda$getResponseFunction$0(HandshakeResponse.java:30)
at org.openqa.selenium.remote.ProtocolHandshake.lambda$createSession$0(ProtocolHandshake.java:126)
at java.base/java.util.stream.ReferencePipeline$3$1.accept(ReferencePipeline.java:197)
at java.base/java.util.Spliterators$ArraySpliterator.tryAdvance(Spliterators.java:1002)
at java.base/java.util.stream.ReferencePipeline.forEachWithCancel(ReferencePipeline.java:129)
at java.base/java.util.stream.AbstractPipeline.copyIntoWithCancel(AbstractPipeline.java:527)
at java.base/java.util.stream.AbstractPipeline.copyInto(AbstractPipeline.java:513)
at java.base/java.util.stream.AbstractPipeline.wrapAndCopyInto(AbstractPipeline.java:499)
at java.base/java.util.stream.FindOps$FindOp.evaluateSequential(FindOps.java:150)
at java.base/java.util.stream.AbstractPipeline.evaluate(AbstractPipeline.java:234)
at java.base/java.util.stream.ReferencePipeline.findFirst(ReferencePipeline.java:647)
at org.openqa.selenium.remote.ProtocolHandshake.createSession(ProtocolHandshake.java:128)
at org.openqa.selenium.remote.ProtocolHandshake.createSession(ProtocolHandshake.java:74)
at org.openqa.selenium.remote.HttpCommandExecutor.execute(HttpCommandExecutor.java:136)
at org.openqa.selenium.remote.service.DriverCommandExecutor.execute(DriverCommandExecutor.java:83)
at org.openqa.selenium.remote.RemoteWebDriver.execute(RemoteWebDriver.java:552)
at org.openqa.selenium.remote.RemoteWebDriver.startSession(RemoteWebDriver.java:213)
at org.openqa.selenium.remote.RemoteWebDriver.<init>(RemoteWebDriver.java:131)
at org.openqa.selenium.chrome.ChromeDriver.<init>(ChromeDriver.java:181)
at org.openqa.selenium.chrome.ChromeDriver.<init>(ChromeDriver.java:168)
at org.openqa.selenium.chrome.ChromeDriver.<init>(ChromeDriver.java:123)
at AmazonTest.amazonSearchtest.opentitle(amazonSearchtest.java:20)
at java.base/java.util.ArrayList.forEach(ArrayList.java:1511)
... Removed 36 stack frames]]>
    </failure>
  </testcase> <!-- @BeforeMethod opentitle -->
  <testcase classname="Testp.Demofirst" name="checks" time="0.018"/>
  <testcase classname="AmazonTest.amazonSearchtest" name="verifytitle" time="0.0">
    <skipped/>
  </testcase> <!-- verifytitle -->
  <testcase classname="Testp.Demo2" name="checkusers" time="0.001"/>
</testsuite> <!-- Test -->
